2025-06-26 21:47:16,201 - src.data.collectors.collection_executor - INFO - Setting up collection environment...
2025-06-26 21:47:16,201 - src.data.collectors.collection_executor - INFO - Loading citation APIs...
2025-06-26 21:47:16,204 - src.core.logging - WARNING - No API key found - using public rate limits (slower)
2025-06-26 21:47:16,208 - src.core.logging - WARNING - No API key found - using public rate limits (slower)
2025-06-26 21:47:16,209 - src.data.collectors.collection_executor - INFO - Testing API connectivity...
2025-06-26 21:47:16,209 - scholarly - INFO - Getting https://scholar.google.com/scholar?hl=en&q=machine%20learning&as_vis=0&as_sdt=0,33
2025-06-26 21:47:18,350 - httpx - INFO - HTTP Request: GET https://scholar.google.com/scholar?hl=en&q=machine%20learning&as_vis=0&as_sdt=0,33 "HTTP/1.1 302 Found"
2025-06-26 21:47:18,415 - httpx - INFO - HTTP Request: GET https://www.google.com/sorry/index?continue=https://scholar.google.com/scholar%3Fhl%3Den%26q%3Dmachine%2520learning%26as_vis%3D0%26as_sdt%3D0,33&hl=en&q=EgRWvtLlGKbw98IGIiyay2-n6gS13mdE53sfLkIuwxRmfr0FLQYS6UmtKRZDZxYYahAAdNuhiFQA5TICclJaAUM "HTTP/1.1 429 Too Many Requests"
2025-06-26 21:47:18,416 - scholarly - INFO - Got a captcha request.
2025-06-26 21:47:18,931 - scholarly - INFO - Neither Chrome nor Firefox/Geckodriver found in PATH
2025-06-26 21:47:18,931 - scholarly - INFO - Exception AttributeError while fetching page: ("'NoneType' object has no attribute 'current_url'",)
2025-06-26 21:47:18,931 - scholarly - INFO - Retrying with a new session.
2025-06-26 21:47:21,294 - httpx - INFO - HTTP Request: GET https://scholar.google.com/scholar?hl=en&q=machine%20learning&as_vis=0&as_sdt=0,33 "HTTP/1.1 302 Found"
2025-06-26 21:47:21,358 - httpx - INFO - HTTP Request: GET https://www.google.com/sorry/index?continue=https://scholar.google.com/scholar%3Fhl%3Den%26q%3Dmachine%2520learning%26as_vis%3D0%26as_sdt%3D0,33&hl=en&q=EgRWvtLlGKjw98IGIiyeuspOKhpTlEDaDk1d9sIDW3x4708LtFv9cv5qvseC1CdXV7EXo9KJyj_PnzICclJaAUM "HTTP/1.1 429 Too Many Requests"
2025-06-26 21:47:21,358 - scholarly - INFO - Got a captcha request.
2025-06-26 21:47:21,848 - scholarly - INFO - Neither Chrome nor Firefox/Geckodriver found in PATH
2025-06-26 21:47:21,848 - scholarly - INFO - Exception AttributeError while fetching page: ("'NoneType' object has no attribute 'current_url'",)
2025-06-26 21:47:21,848 - scholarly - INFO - Retrying with a new session.
2025-06-26 21:47:23,949 - httpx - INFO - HTTP Request: GET https://scholar.google.com/scholar?hl=en&q=machine%20learning&as_vis=0&as_sdt=0,33 "HTTP/1.1 302 Found"
2025-06-26 21:47:24,013 - httpx - INFO - HTTP Request: GET https://www.google.com/sorry/index?continue=https://scholar.google.com/scholar%3Fhl%3Den%26q%3Dmachine%2520learning%26as_vis%3D0%26as_sdt%3D0,33&hl=en&q=EgRWvtLlGKvw98IGIiw1QiTgA7Bon0bZY-hRKMh1akgZ4S0jocyRmBzDaMXhTVduXtd20ySxOctq1jICclJaAUM "HTTP/1.1 429 Too Many Requests"
2025-06-26 21:47:24,014 - scholarly - INFO - Got a captcha request.
2025-06-26 21:47:24,487 - scholarly - INFO - Neither Chrome nor Firefox/Geckodriver found in PATH
2025-06-26 21:47:24,487 - scholarly - INFO - Exception AttributeError while fetching page: ("'NoneType' object has no attribute 'current_url'",)
2025-06-26 21:47:24,487 - scholarly - INFO - Retrying with a new session.
2025-06-26 21:47:26,644 - httpx - INFO - HTTP Request: GET https://scholar.google.com/scholar?hl=en&q=machine%20learning&as_vis=0&as_sdt=0,33 "HTTP/1.1 302 Found"
2025-06-26 21:47:26,701 - httpx - INFO - HTTP Request: GET https://www.google.com/sorry/index?continue=https://scholar.google.com/scholar%3Fhl%3Den%26q%3Dmachine%2520learning%26as_vis%3D0%26as_sdt%3D0,33&hl=en&q=EgRWvtLlGK7w98IGIizYVLVaEcMRBFIbFhTdVuJJatzIJgu_NRzL8YQzOVDeYdo8HVPUciYDfToibjICclJaAUM "HTTP/1.1 429 Too Many Requests"
2025-06-26 21:47:26,702 - scholarly - INFO - Got a captcha request.
2025-06-26 21:47:27,207 - scholarly - INFO - Neither Chrome nor Firefox/Geckodriver found in PATH
2025-06-26 21:47:27,207 - scholarly - INFO - Exception AttributeError while fetching page: ("'NoneType' object has no attribute 'current_url'",)
2025-06-26 21:47:27,207 - scholarly - INFO - Retrying with a new session.
2025-06-26 21:47:29,663 - httpx - INFO - HTTP Request: GET https://scholar.google.com/scholar?hl=en&q=machine%20learning&as_vis=0&as_sdt=0,33 "HTTP/1.1 302 Found"
2025-06-26 21:47:29,733 - httpx - INFO - HTTP Request: GET https://www.google.com/sorry/index?continue=https://scholar.google.com/scholar%3Fhl%3Den%26q%3Dmachine%2520learning%26as_vis%3D0%26as_sdt%3D0,33&hl=en&q=EgRWvtLlGLHw98IGIixDSfbkQbUfdTCRnflz-ixekmt39k_G9fSCPCiJLYtqYR1JJBnfPK_3XpMNWjICclJaAUM "HTTP/1.1 429 Too Many Requests"
2025-06-26 21:47:29,734 - scholarly - INFO - Got a captcha request.
2025-06-26 21:47:30,222 - scholarly - INFO - Neither Chrome nor Firefox/Geckodriver found in PATH
2025-06-26 21:47:30,222 - scholarly - INFO - Exception AttributeError while fetching page: ("'NoneType' object has no attribute 'current_url'",)
2025-06-26 21:47:30,222 - scholarly - INFO - Retrying with a new session.
2025-06-26 21:47:30,272 - src.core.logging - ERROR - Google Scholar connectivity test failed: Cannot Fetch from Google Scholar.
2025-06-26 21:47:30,272 - src.data.collectors.collection_executor - INFO -   google_scholar: ✗
2025-06-26 21:47:31,149 - src.data.collectors.collection_executor - INFO -   semantic_scholar: ✓
2025-06-26 21:47:31,482 - src.data.collectors.collection_executor - INFO -   openalex: ✓
2025-06-26 21:47:31,482 - src.data.collectors.collection_executor - INFO - Proceeding with 2 working APIs: ['semantic_scholar', 'openalex']
2025-06-26 21:47:31,482 - src.data.collectors.collection_executor - INFO - ✓ Citation APIs loaded successfully
2025-06-26 21:47:31,482 - src.data.collectors.collection_executor - INFO - Loading venue analysis...
2025-06-26 21:47:31,488 - src.analysis.venues.venue_database - INFO - Building comprehensive venue database
2025-06-26 21:47:31,488 - src.analysis.venues.venue_database - INFO - Built database with 100 venues across 12 domains
2025-06-26 21:47:31,488 - src.data.collectors.collection_executor - INFO - ✓ Venue analysis loaded successfully
2025-06-26 21:47:31,488 - src.data.collectors.collection_executor - INFO - Loading computational analyzer...
2025-06-26 21:47:31,488 - src.data.collectors.collection_executor - INFO - ✓ Computational analyzer loaded successfully
2025-06-26 21:47:31,488 - src.data.collectors.collection_executor - INFO - Loading domain analysis results...
2025-06-26 21:47:31,489 - src.data.collectors.collection_executor - INFO - ✓ Loaded domain analysis from final_corrected_domain_stats.json
2025-06-26 21:47:31,489 - src.data.collectors.collection_executor - INFO - ✓ Domain analysis loaded successfully
2025-06-26 21:47:31,489 - src.data.collectors.collection_executor - INFO - Collection environment setup complete!
2025-06-26 21:47:31,489 - src.analysis.venues.collection_strategy - INFO - Generating collection strategy for domain: Computer Vision & Medical Imaging
2025-06-26 21:47:31,489 - src.analysis.venues.venue_analyzer - INFO - Loading domain results from: /home/bouthilx/projects/preliminary_report/package/all_domains_full.json
2025-06-26 21:47:31,500 - src.analysis.venues.venue_analyzer - INFO - Successfully loaded 4240 domain analysis records
2025-06-26 21:47:31,520 - src.core.logging - INFO - Using only working APIs: ['semantic_scholar', 'openalex']
2025-06-26 21:47:31,520 - src.core.logging - INFO - Searching semantic_scholar for NeurIPS 2019
2025-06-26 21:47:31,520 - src.core.logging - INFO - Semantic Scholar search params: {'limit': 20, 'fields': 'title,authors,venue,year,citationCount,abstract,url,paperId', 'query': 'NeurIPS year:2019'}
2025-06-26 21:47:31,980 - src.core.logging - WARNING - Rate limited (429). Retrying in 2.0s (attempt 1/5)
2025-06-26 21:47:34,463 - src.core.logging - WARNING - Rate limited (429). Retrying in 4.2s (attempt 2/5)
2025-06-26 21:47:39,293 - src.core.logging - WARNING - Rate limited (429). Retrying in 8.5s (attempt 3/5)
2025-06-26 21:47:48,210 - src.core.logging - WARNING - Rate limited (429). Retrying in 16.0s (attempt 4/5)
2025-06-26 21:48:05,464 - src.core.logging - INFO - Semantic Scholar found 140338 total papers
2025-06-26 21:48:05,465 - src.core.logging - INFO - Found 0 papers from semantic_scholar
2025-06-26 21:48:05,465 - src.core.logging - INFO - Searching openalex for NeurIPS 2019
2025-06-26 21:48:05,465 - src.core.logging - INFO - OpenAlex search params: {'filter': 'publication_year:2019,title.search:(NeurIPS)', 'per-page': 20, 'select': 'id,title,display_name,publication_year,cited_by_count,doi,authorships,locations'}
2025-06-26 21:48:05,966 - src.core.logging - INFO - OpenAlex found 18 total works
2025-06-26 21:48:05,966 - src.core.logging - WARNING - Parse error: 'NoneType' object has no attribute 'strip'
2025-06-26 21:48:05,966 - src.core.logging - WARNING - Parse error: 'NoneType' object has no attribute 'strip'
2025-06-26 21:48:05,966 - src.core.logging - WARNING - Parse error: 'NoneType' object has no attribute 'strip'
2025-06-26 21:48:05,966 - src.core.logging - WARNING - Parse error: 'NoneType' object has no attribute 'strip'
2025-06-26 21:48:05,966 - src.core.logging - WARNING - Parse error: 'NoneType' object has no attribute 'strip'
2025-06-26 21:48:05,966 - src.core.logging - WARNING - Parse error: 'NoneType' object has no attribute 'strip'
2025-06-26 21:48:05,966 - src.core.logging - INFO - Found 0 papers from openalex
2025-06-26 21:48:05,966 - src.core.logging - INFO - Using only working APIs: ['semantic_scholar', 'openalex']
2025-06-26 21:48:05,967 - src.core.logging - INFO - Searching semantic_scholar for ICML 2019
2025-06-26 21:48:05,967 - src.core.logging - INFO - Semantic Scholar search params: {'limit': 20, 'fields': 'title,authors,venue,year,citationCount,abstract,url,paperId', 'query': 'ICML year:2019'}
2025-06-26 21:48:06,802 - src.core.logging - WARNING - Rate limited (429). Retrying in 2.1s (attempt 1/5)
2025-06-26 21:48:09,400 - src.core.logging - WARNING - Rate limited (429). Retrying in 3.7s (attempt 2/5)
2025-06-26 21:48:14,703 - src.core.logging - INFO - Semantic Scholar found 140286 total papers
2025-06-26 21:48:14,704 - src.core.logging - INFO - Found 0 papers from semantic_scholar
2025-06-26 21:48:14,704 - src.core.logging - INFO - Searching openalex for ICML 2019
2025-06-26 21:48:14,704 - src.core.logging - INFO - OpenAlex search params: {'filter': 'publication_year:2019,title.search:(ICML)', 'per-page': 20, 'select': 'id,title,display_name,publication_year,cited_by_count,doi,authorships,locations'}
2025-06-26 21:48:15,180 - src.core.logging - INFO - OpenAlex found 10 total works
2025-06-26 21:48:15,180 - src.core.logging - WARNING - Parse error: 'NoneType' object has no attribute 'strip'
2025-06-26 21:48:15,180 - src.core.logging - WARNING - Parse error: 'NoneType' object has no attribute 'strip'
2025-06-26 21:48:15,181 - src.core.logging - INFO - Found 0 papers from openalex
2025-06-26 21:48:15,181 - src.core.logging - INFO - Using only working APIs: ['semantic_scholar', 'openalex']
2025-06-26 21:48:15,181 - src.core.logging - INFO - Searching semantic_scholar for ICLR 2019
2025-06-26 21:48:15,181 - src.core.logging - INFO - Semantic Scholar search params: {'limit': 20, 'fields': 'title,authors,venue,year,citationCount,abstract,url,paperId', 'query': 'ICLR year:2019'}
2025-06-26 21:48:15,388 - src.core.logging - WARNING - Rate limited (429). Retrying in 2.4s (attempt 1/5)
2025-06-26 21:48:19,075 - src.core.logging - INFO - Semantic Scholar found 140235 total papers
2025-06-26 21:48:19,076 - src.core.logging - INFO - Found 0 papers from semantic_scholar
2025-06-26 21:48:19,076 - src.core.logging - INFO - Searching openalex for ICLR 2019
2025-06-26 21:48:19,076 - src.core.logging - INFO - OpenAlex search params: {'filter': 'publication_year:2019,title.search:(ICLR)', 'per-page': 20, 'select': 'id,title,display_name,publication_year,cited_by_count,doi,authorships,locations'}
2025-06-26 21:48:19,615 - src.core.logging - INFO - OpenAlex found 8 total works
2025-06-26 21:48:19,615 - src.core.logging - WARNING - Parse error: 'NoneType' object has no attribute 'strip'
2025-06-26 21:48:19,615 - src.core.logging - WARNING - Parse error: 'NoneType' object has no attribute 'strip'
2025-06-26 21:48:19,615 - src.core.logging - INFO - Found 0 papers from openalex
2025-06-26 21:48:19,615 - src.core.logging - INFO - Searching semantic_scholar for NeurIPS 2019 with keywords: ['computer vision & medical imaging']
2025-06-26 21:48:19,615 - src.core.logging - INFO - Semantic Scholar search params: {'limit': 15, 'fields': 'title,authors,venue,year,citationCount,abstract,url,paperId', 'query': 'NeurIPS computer vision & medical imaging year:2019'}
2025-06-26 21:48:20,687 - src.core.logging - INFO - Semantic Scholar found 353 total papers
2025-06-26 21:48:20,687 - src.core.logging - INFO - Found 6 papers from semantic_scholar
2025-06-26 21:48:20,687 - src.core.logging - INFO - Searching openalex for NeurIPS 2019 with keywords: ['computer vision & medical imaging']
2025-06-26 21:48:20,687 - src.core.logging - INFO - OpenAlex search params: {'filter': 'publication_year:2019,title.search:(NeurIPS OR computer vision & medical imaging)', 'per-page': 15, 'select': 'id,title,display_name,publication_year,cited_by_count,doi,authorships,locations'}
2025-06-26 21:48:21,131 - src.core.logging - INFO - OpenAlex found 6 total works
2025-06-26 21:48:21,131 - src.core.logging - INFO - Found 0 papers from openalex
2025-06-26 21:48:21,131 - src.core.logging - INFO - Searching semantic_scholar for ICML 2019 with keywords: ['computer vision & medical imaging']
2025-06-26 21:48:21,131 - src.core.logging - INFO - Semantic Scholar search params: {'limit': 15, 'fields': 'title,authors,venue,year,citationCount,abstract,url,paperId', 'query': 'ICML computer vision & medical imaging year:2019'}
2025-06-26 21:48:22,496 - src.core.logging - WARNING - Rate limited (429). Retrying in 1.9s (attempt 1/5)
2025-06-26 21:48:24,564 - src.core.logging - WARNING - Rate limited (429). Retrying in 4.0s (attempt 2/5)
2025-06-26 21:48:29,769 - src.core.logging - INFO - Semantic Scholar found 352 total papers
2025-06-26 21:48:29,769 - src.core.logging - INFO - Found 6 papers from semantic_scholar
2025-06-26 21:48:29,769 - src.core.logging - INFO - Searching openalex for ICML 2019 with keywords: ['computer vision & medical imaging']
2025-06-26 21:48:29,769 - src.core.logging - INFO - OpenAlex search params: {'filter': 'publication_year:2019,title.search:(ICML OR computer vision & medical imaging)', 'per-page': 15, 'select': 'id,title,display_name,publication_year,cited_by_count,doi,authorships,locations'}
2025-06-26 21:48:30,293 - src.core.logging - INFO - OpenAlex found 6 total works
2025-06-26 21:48:30,294 - src.core.logging - INFO - Found 0 papers from openalex
2025-06-26 21:48:30,294 - src.core.logging - INFO - Searching semantic_scholar for ICLR 2019 with keywords: ['computer vision & medical imaging']
2025-06-26 21:48:30,294 - src.core.logging - INFO - Semantic Scholar search params: {'limit': 15, 'fields': 'title,authors,venue,year,citationCount,abstract,url,paperId', 'query': 'ICLR computer vision & medical imaging year:2019'}
2025-06-26 21:48:31,633 - src.core.logging - INFO - Semantic Scholar found 353 total papers
2025-06-26 21:48:31,633 - src.core.logging - INFO - Found 6 papers from semantic_scholar
2025-06-26 21:48:31,633 - src.core.logging - INFO - Searching openalex for ICLR 2019 with keywords: ['computer vision & medical imaging']
2025-06-26 21:48:31,633 - src.core.logging - INFO - OpenAlex search params: {'filter': 'publication_year:2019,title.search:(ICLR OR computer vision & medical imaging)', 'per-page': 15, 'select': 'id,title,display_name,publication_year,cited_by_count,doi,authorships,locations'}
2025-06-26 21:48:32,178 - src.core.logging - INFO - OpenAlex found 6 total works
2025-06-26 21:48:32,179 - src.core.logging - INFO - Found 0 papers from openalex
2025-06-26 21:48:32,179 - src.data.collectors.collection_executor - INFO - Rate limiting: waiting 0.12s for keyword_search
2025-06-26 21:48:32,294 - src.core.logging - INFO - Searching semantic_scholar for AAAI 2019 with keywords: ['computer vision & medical imaging']
2025-06-26 21:48:32,294 - src.core.logging - INFO - Semantic Scholar search params: {'limit': 15, 'fields': 'title,authors,venue,year,citationCount,abstract,url,paperId', 'query': 'AAAI computer vision & medical imaging year:2019'}
2025-06-26 21:48:33,902 - src.core.logging - INFO - Semantic Scholar found 357 total papers
2025-06-26 21:48:33,903 - src.core.logging - INFO - Found 6 papers from semantic_scholar
2025-06-26 21:48:33,903 - src.core.logging - INFO - Searching openalex for AAAI 2019 with keywords: ['computer vision & medical imaging']
2025-06-26 21:48:33,903 - src.core.logging - INFO - OpenAlex search params: {'filter': 'publication_year:2019,title.search:(AAAI OR computer vision & medical imaging)', 'per-page': 15, 'select': 'id,title,display_name,publication_year,cited_by_count,doi,authorships,locations'}
2025-06-26 21:48:34,335 - src.core.logging - INFO - OpenAlex found 6 total works
2025-06-26 21:48:34,336 - src.core.logging - INFO - Found 0 papers from openalex
2025-06-26 21:48:34,336 - src.core.logging - INFO - Searching semantic_scholar for IJCAI 2019 with keywords: ['computer vision & medical imaging']
2025-06-26 21:48:34,336 - src.core.logging - INFO - Semantic Scholar search params: {'limit': 15, 'fields': 'title,authors,venue,year,citationCount,abstract,url,paperId', 'query': 'IJCAI computer vision & medical imaging year:2019'}
2025-06-26 21:48:35,486 - src.core.logging - WARNING - Rate limited (429). Retrying in 1.8s (attempt 1/5)
2025-06-26 21:48:37,517 - src.core.logging - WARNING - Rate limited (429). Retrying in 3.5s (attempt 2/5)
2025-06-26 21:48:41,206 - src.core.logging - WARNING - Rate limited (429). Retrying in 8.2s (attempt 3/5)
2025-06-26 21:48:50,783 - src.core.logging - INFO - Semantic Scholar found 353 total papers
2025-06-26 21:48:50,784 - src.core.logging - INFO - Found 6 papers from semantic_scholar
2025-06-26 21:48:50,784 - src.core.logging - INFO - Searching openalex for IJCAI 2019 with keywords: ['computer vision & medical imaging']
2025-06-26 21:48:50,784 - src.core.logging - INFO - OpenAlex search params: {'filter': 'publication_year:2019,title.search:(IJCAI OR computer vision & medical imaging)', 'per-page': 15, 'select': 'id,title,display_name,publication_year,cited_by_count,doi,authorships,locations'}
2025-06-26 21:48:51,321 - src.core.logging - INFO - OpenAlex found 6 total works
2025-06-26 21:48:51,321 - src.core.logging - INFO - Found 0 papers from openalex
2025-06-26 21:48:51,321 - src.analysis.venues.collection_strategy - INFO - Generating collection strategy for domain: Computer Vision & Medical Imaging
2025-06-26 21:48:51,326 - src.core.logging - INFO - Using only working APIs: ['semantic_scholar', 'openalex']
2025-06-26 21:48:51,326 - src.core.logging - INFO - Searching semantic_scholar for NeurIPS 2020
2025-06-26 21:48:51,326 - src.core.logging - INFO - Semantic Scholar search params: {'limit': 20, 'fields': 'title,authors,venue,year,citationCount,abstract,url,paperId', 'query': 'NeurIPS year:2020'}
2025-06-26 21:48:52,387 - src.core.logging - INFO - Semantic Scholar found 141208 total papers
2025-06-26 21:48:52,388 - src.core.logging - INFO - Found 0 papers from semantic_scholar
2025-06-26 21:48:52,388 - src.core.logging - INFO - Searching openalex for NeurIPS 2020
2025-06-26 21:48:52,388 - src.core.logging - INFO - OpenAlex search params: {'filter': 'publication_year:2020,title.search:(NeurIPS)', 'per-page': 20, 'select': 'id,title,display_name,publication_year,cited_by_count,doi,authorships,locations'}
2025-06-26 21:48:53,009 - src.core.logging - INFO - OpenAlex found 27 total works
2025-06-26 21:48:53,010 - src.core.logging - WARNING - Parse error: 'NoneType' object has no attribute 'strip'
2025-06-26 21:48:53,010 - src.core.logging - WARNING - Parse error: 'NoneType' object has no attribute 'strip'
2025-06-26 21:48:53,010 - src.core.logging - WARNING - Parse error: 'NoneType' object has no attribute 'strip'
2025-06-26 21:48:53,010 - src.core.logging - WARNING - Parse error: 'NoneType' object has no attribute 'strip'
2025-06-26 21:48:53,010 - src.core.logging - WARNING - Parse error: 'NoneType' object has no attribute 'strip'
2025-06-26 21:48:53,010 - src.core.logging - WARNING - Parse error: 'NoneType' object has no attribute 'strip'
2025-06-26 21:48:53,010 - src.core.logging - WARNING - Parse error: 'NoneType' object has no attribute 'strip'
2025-06-26 21:48:53,010 - src.core.logging - WARNING - Parse error: 'NoneType' object has no attribute 'strip'
2025-06-26 21:48:53,010 - src.core.logging - WARNING - Parse error: 'NoneType' object has no attribute 'strip'
2025-06-26 21:48:53,010 - src.core.logging - WARNING - Parse error: 'NoneType' object has no attribute 'strip'
2025-06-26 21:48:53,011 - src.core.logging - INFO - Found 0 papers from openalex
2025-06-26 21:48:53,011 - src.core.logging - INFO - Using only working APIs: ['semantic_scholar', 'openalex']
2025-06-26 21:48:53,011 - src.core.logging - INFO - Searching semantic_scholar for ICML 2020
2025-06-26 21:48:53,011 - src.core.logging - INFO - Semantic Scholar search params: {'limit': 20, 'fields': 'title,authors,venue,year,citationCount,abstract,url,paperId', 'query': 'ICML year:2020'}
2025-06-26 21:48:54,297 - src.core.logging - WARNING - Rate limited (429). Retrying in 1.8s (attempt 1/5)
2025-06-26 21:48:56,990 - src.core.logging - INFO - Semantic Scholar found 141158 total papers
2025-06-26 21:48:56,991 - src.core.logging - INFO - Found 0 papers from semantic_scholar
2025-06-26 21:48:56,991 - src.core.logging - INFO - Searching openalex for ICML 2020
2025-06-26 21:48:56,991 - src.core.logging - INFO - OpenAlex search params: {'filter': 'publication_year:2020,title.search:(ICML)', 'per-page': 20, 'select': 'id,title,display_name,publication_year,cited_by_count,doi,authorships,locations'}
2025-06-26 21:48:57,507 - src.core.logging - INFO - OpenAlex found 5 total works
2025-06-26 21:48:57,508 - src.core.logging - INFO - Found 0 papers from openalex
2025-06-26 21:48:57,508 - src.core.logging - INFO - Using only working APIs: ['semantic_scholar', 'openalex']
2025-06-26 21:48:57,508 - src.core.logging - INFO - Searching semantic_scholar for ICLR 2020
2025-06-26 21:48:57,508 - src.core.logging - INFO - Semantic Scholar search params: {'limit': 20, 'fields': 'title,authors,venue,year,citationCount,abstract,url,paperId', 'query': 'ICLR year:2020'}
2025-06-26 21:48:59,437 - src.core.logging - INFO - Semantic Scholar found 141101 total papers
2025-06-26 21:48:59,438 - src.core.logging - INFO - Found 0 papers from semantic_scholar
2025-06-26 21:48:59,438 - src.core.logging - INFO - Searching openalex for ICLR 2020
2025-06-26 21:48:59,438 - src.core.logging - INFO - OpenAlex search params: {'filter': 'publication_year:2020,title.search:(ICLR)', 'per-page': 20, 'select': 'id,title,display_name,publication_year,cited_by_count,doi,authorships,locations'}
2025-06-26 21:48:59,858 - src.core.logging - INFO - OpenAlex found 3 total works
2025-06-26 21:48:59,859 - src.core.logging - INFO - Found 0 papers from openalex
2025-06-26 21:48:59,859 - src.data.collectors.collection_executor - INFO - Rate limiting: waiting 0.65s for venue_search
2025-06-26 21:49:00,508 - src.core.logging - INFO - Searching semantic_scholar for NeurIPS 2020 with keywords: ['computer vision & medical imaging']
2025-06-26 21:49:00,508 - src.core.logging - INFO - Semantic Scholar search params: {'limit': 15, 'fields': 'title,authors,venue,year,citationCount,abstract,url,paperId', 'query': 'NeurIPS computer vision & medical imaging year:2020'}
2025-06-26 21:49:00,719 - src.core.logging - WARNING - Rate limited (429). Retrying in 2.4s (attempt 1/5)
2025-06-26 21:49:04,337 - src.core.logging - INFO - Semantic Scholar found 324 total papers
2025-06-26 21:49:04,337 - src.core.logging - INFO - Found 5 papers from semantic_scholar
2025-06-26 21:49:04,337 - src.core.logging - INFO - Searching openalex for NeurIPS 2020 with keywords: ['computer vision & medical imaging']
2025-06-26 21:49:04,337 - src.core.logging - INFO - OpenAlex search params: {'filter': 'publication_year:2020,title.search:(NeurIPS OR computer vision & medical imaging)', 'per-page': 15, 'select': 'id,title,display_name,publication_year,cited_by_count,doi,authorships,locations'}
2025-06-26 21:49:04,794 - src.core.logging - INFO - OpenAlex found 12 total works
2025-06-26 21:49:04,794 - src.core.logging - WARNING - Parse error: 'NoneType' object has no attribute 'strip'
2025-06-26 21:49:04,795 - src.core.logging - INFO - Found 1 papers from openalex
2025-06-26 21:49:04,795 - src.core.logging - INFO - Searching semantic_scholar for ICML 2020 with keywords: ['computer vision & medical imaging']
2025-06-26 21:49:04,795 - src.core.logging - INFO - Semantic Scholar search params: {'limit': 15, 'fields': 'title,authors,venue,year,citationCount,abstract,url,paperId', 'query': 'ICML computer vision & medical imaging year:2020'}
2025-06-26 21:49:05,467 - src.core.logging - WARNING - Rate limited (429). Retrying in 2.3s (attempt 1/5)
2025-06-26 21:49:08,940 - src.core.logging - INFO - Semantic Scholar found 321 total papers
2025-06-26 21:49:08,941 - src.core.logging - INFO - Found 5 papers from semantic_scholar
2025-06-26 21:49:08,941 - src.core.logging - INFO - Searching openalex for ICML 2020 with keywords: ['computer vision & medical imaging']
2025-06-26 21:49:08,941 - src.core.logging - INFO - OpenAlex search params: {'filter': 'publication_year:2020,title.search:(ICML OR computer vision & medical imaging)', 'per-page': 15, 'select': 'id,title,display_name,publication_year,cited_by_count,doi,authorships,locations'}
2025-06-26 21:49:09,392 - src.core.logging - INFO - OpenAlex found 12 total works
2025-06-26 21:49:09,392 - src.core.logging - WARNING - Parse error: 'NoneType' object has no attribute 'strip'
2025-06-26 21:49:09,393 - src.core.logging - INFO - Found 1 papers from openalex
2025-06-26 21:49:09,393 - src.core.logging - INFO - Searching semantic_scholar for ICLR 2020 with keywords: ['computer vision & medical imaging']
2025-06-26 21:49:09,393 - src.core.logging - INFO - Semantic Scholar search params: {'limit': 15, 'fields': 'title,authors,venue,year,citationCount,abstract,url,paperId', 'query': 'ICLR computer vision & medical imaging year:2020'}
2025-06-26 21:49:10,504 - src.core.logging - WARNING - Rate limited (429). Retrying in 1.7s (attempt 1/5)
2025-06-26 21:49:12,415 - src.core.logging - WARNING - Rate limited (429). Retrying in 4.6s (attempt 2/5)
2025-06-26 21:49:17,236 - src.core.logging - WARNING - Rate limited (429). Retrying in 8.6s (attempt 3/5)
2025-06-26 21:49:26,297 - src.core.logging - WARNING - Rate limited (429). Retrying in 17.7s (attempt 4/5)
2025-06-26 21:49:44,540 - src.core.logging - WARNING - Rate limited (429). Retrying in 32.2s (attempt 5/5)
2025-06-26 21:50:16,789 - src.core.logging - ERROR - Semantic Scholar search failed: All 5 retry attempts failed
2025-06-26 21:50:16,789 - src.core.logging - INFO - Searching openalex for ICLR 2020 with keywords: ['computer vision & medical imaging']
2025-06-26 21:50:16,789 - src.core.logging - INFO - OpenAlex search params: {'filter': 'publication_year:2020,title.search:(ICLR OR computer vision & medical imaging)', 'per-page': 15, 'select': 'id,title,display_name,publication_year,cited_by_count,doi,authorships,locations'}
2025-06-26 21:50:17,239 - src.core.logging - INFO - OpenAlex found 12 total works
2025-06-26 21:50:17,239 - src.core.logging - WARNING - Parse error: 'NoneType' object has no attribute 'strip'
2025-06-26 21:50:17,240 - src.core.logging - INFO - Found 1 papers from openalex
2025-06-26 21:50:17,240 - src.core.logging - INFO - Searching semantic_scholar for AAAI 2020 with keywords: ['computer vision & medical imaging']
2025-06-26 21:50:17,240 - src.core.logging - INFO - Semantic Scholar search params: {'limit': 15, 'fields': 'title,authors,venue,year,citationCount,abstract,url,paperId', 'query': 'AAAI computer vision & medical imaging year:2020'}
2025-06-26 21:50:18,300 - src.core.logging - INFO - Semantic Scholar found 326 total papers
2025-06-26 21:50:18,301 - src.core.logging - INFO - Found 5 papers from semantic_scholar
2025-06-26 21:50:18,301 - src.core.logging - INFO - Searching openalex for AAAI 2020 with keywords: ['computer vision & medical imaging']
2025-06-26 21:50:18,301 - src.core.logging - INFO - OpenAlex search params: {'filter': 'publication_year:2020,title.search:(AAAI OR computer vision & medical imaging)', 'per-page': 15, 'select': 'id,title,display_name,publication_year,cited_by_count,doi,authorships,locations'}
2025-06-26 21:50:18,737 - src.core.logging - INFO - OpenAlex found 12 total works
2025-06-26 21:50:18,737 - src.core.logging - WARNING - Parse error: 'NoneType' object has no attribute 'strip'
2025-06-26 21:50:18,737 - src.core.logging - INFO - Found 1 papers from openalex
2025-06-26 21:50:18,737 - src.data.collectors.collection_executor - INFO - Rate limiting: waiting 0.50s for keyword_search
2025-06-26 21:50:19,240 - src.core.logging - INFO - Searching semantic_scholar for IJCAI 2020 with keywords: ['computer vision & medical imaging']
2025-06-26 21:50:19,240 - src.core.logging - INFO - Semantic Scholar search params: {'limit': 15, 'fields': 'title,authors,venue,year,citationCount,abstract,url,paperId', 'query': 'IJCAI computer vision & medical imaging year:2020'}
2025-06-26 21:50:20,215 - src.core.logging - INFO - Semantic Scholar found 322 total papers
2025-06-26 21:50:20,215 - src.core.logging - INFO - Found 5 papers from semantic_scholar
2025-06-26 21:50:20,215 - src.core.logging - INFO - Searching openalex for IJCAI 2020 with keywords: ['computer vision & medical imaging']
2025-06-26 21:50:20,215 - src.core.logging - INFO - OpenAlex search params: {'filter': 'publication_year:2020,title.search:(IJCAI OR computer vision & medical imaging)', 'per-page': 15, 'select': 'id,title,display_name,publication_year,cited_by_count,doi,authorships,locations'}
2025-06-26 21:50:20,640 - src.core.logging - INFO - OpenAlex found 12 total works
2025-06-26 21:50:20,640 - src.core.logging - WARNING - Parse error: 'NoneType' object has no attribute 'strip'
2025-06-26 21:50:20,640 - src.core.logging - INFO - Found 1 papers from openalex
2025-06-26 21:50:20,640 - src.data.collectors.collection_executor - INFO - Rate limiting: waiting 0.60s for keyword_search
2025-06-26 21:50:21,241 - src.analysis.venues.collection_strategy - INFO - Generating collection strategy for domain: Computer Vision & Medical Imaging
2025-06-26 21:50:21,246 - src.core.logging - INFO - Using only working APIs: ['semantic_scholar', 'openalex']
2025-06-26 21:50:21,246 - src.core.logging - INFO - Searching semantic_scholar for NeurIPS 2021
2025-06-26 21:50:21,247 - src.core.logging - INFO - Semantic Scholar search params: {'limit': 20, 'fields': 'title,authors,venue,year,citationCount,abstract,url,paperId', 'query': 'NeurIPS year:2021'}
2025-06-26 21:50:21,708 - src.core.logging - WARNING - Rate limited (429). Retrying in 1.9s (attempt 1/5)
2025-06-26 21:50:24,883 - src.core.logging - INFO - Semantic Scholar found 91164 total papers
2025-06-26 21:50:24,883 - src.core.logging - WARNING - Parse error: 'NoneType' object has no attribute 'strip'
2025-06-26 21:50:24,884 - src.core.logging - INFO - Found 0 papers from semantic_scholar
2025-06-26 21:50:24,884 - src.core.logging - INFO - Searching openalex for NeurIPS 2021
2025-06-26 21:50:24,884 - src.core.logging - INFO - OpenAlex search params: {'filter': 'publication_year:2021,title.search:(NeurIPS)', 'per-page': 20, 'select': 'id,title,display_name,publication_year,cited_by_count,doi,authorships,locations'}
2025-06-26 21:50:25,348 - src.core.logging - INFO - OpenAlex found 26 total works
2025-06-26 21:50:25,348 - src.core.logging - WARNING - Parse error: 'NoneType' object has no attribute 'strip'
2025-06-26 21:50:25,348 - src.core.logging - WARNING - Parse error: 'NoneType' object has no attribute 'strip'
2025-06-26 21:50:25,349 - src.core.logging - WARNING - Parse error: 'NoneType' object has no attribute 'strip'
2025-06-26 21:50:25,349 - src.core.logging - WARNING - Parse error: 'NoneType' object has no attribute 'strip'
2025-06-26 21:50:25,349 - src.core.logging - WARNING - Parse error: 'NoneType' object has no attribute 'strip'
2025-06-26 21:50:25,349 - src.core.logging - WARNING - Parse error: 'NoneType' object has no attribute 'strip'
2025-06-26 21:50:25,349 - src.core.logging - WARNING - Parse error: 'NoneType' object has no attribute 'strip'
2025-06-26 21:50:25,349 - src.core.logging - INFO - Found 0 papers from openalex
2025-06-26 21:50:25,349 - src.core.logging - INFO - Using only working APIs: ['semantic_scholar', 'openalex']
2025-06-26 21:50:25,349 - src.core.logging - INFO - Searching semantic_scholar for ICML 2021
2025-06-26 21:50:25,349 - src.core.logging - INFO - Semantic Scholar search params: {'limit': 20, 'fields': 'title,authors,venue,year,citationCount,abstract,url,paperId', 'query': 'ICML year:2021'}
2025-06-26 21:50:26,249 - src.core.logging - WARNING - Rate limited (429). Retrying in 1.8s (attempt 1/5)
2025-06-26 21:50:28,539 - src.core.logging - WARNING - Rate limited (429). Retrying in 3.1s (attempt 2/5)
2025-06-26 21:50:33,256 - src.core.logging - INFO - Semantic Scholar found 91118 total papers
2025-06-26 21:50:33,256 - src.core.logging - WARNING - Parse error: 'NoneType' object has no attribute 'strip'
2025-06-26 21:50:33,256 - src.core.logging - INFO - Found 0 papers from semantic_scholar
2025-06-26 21:50:33,256 - src.core.logging - INFO - Searching openalex for ICML 2021
2025-06-26 21:50:33,256 - src.core.logging - INFO - OpenAlex search params: {'filter': 'publication_year:2021,title.search:(ICML)', 'per-page': 20, 'select': 'id,title,display_name,publication_year,cited_by_count,doi,authorships,locations'}
2025-06-26 21:50:33,692 - src.core.logging - INFO - OpenAlex found 6 total works
2025-06-26 21:50:33,692 - src.core.logging - INFO - Found 0 papers from openalex
2025-06-26 21:50:33,692 - src.core.logging - INFO - Using only working APIs: ['semantic_scholar', 'openalex']
2025-06-26 21:50:33,692 - src.core.logging - INFO - Searching semantic_scholar for ICLR 2021
2025-06-26 21:50:33,692 - src.core.logging - INFO - Semantic Scholar search params: {'limit': 20, 'fields': 'title,authors,venue,year,citationCount,abstract,url,paperId', 'query': 'ICLR year:2021'}
2025-06-26 21:50:34,709 - src.core.logging - INFO - Semantic Scholar found 91064 total papers
2025-06-26 21:50:34,709 - src.core.logging - WARNING - Parse error: 'NoneType' object has no attribute 'strip'
2025-06-26 21:50:34,710 - src.core.logging - INFO - Found 0 papers from semantic_scholar
2025-06-26 21:50:34,710 - src.core.logging - INFO - Searching openalex for ICLR 2021
2025-06-26 21:50:34,710 - src.core.logging - INFO - OpenAlex search params: {'filter': 'publication_year:2021,title.search:(ICLR)', 'per-page': 20, 'select': 'id,title,display_name,publication_year,cited_by_count,doi,authorships,locations'}
2025-06-26 21:50:35,134 - src.core.logging - INFO - OpenAlex found 4 total works
2025-06-26 21:50:35,135 - src.core.logging - WARNING - Parse error: 'NoneType' object has no attribute 'strip'
2025-06-26 21:50:35,135 - src.core.logging - INFO - Found 0 papers from openalex
2025-06-26 21:50:35,135 - src.data.collectors.collection_executor - INFO - Rate limiting: waiting 1.56s for venue_search
2025-06-26 21:50:36,693 - src.core.logging - INFO - Searching semantic_scholar for NeurIPS 2021 with keywords: ['computer vision & medical imaging']
2025-06-26 21:50:36,693 - src.core.logging - INFO - Semantic Scholar search params: {'limit': 15, 'fields': 'title,authors,venue,year,citationCount,abstract,url,paperId', 'query': 'NeurIPS computer vision & medical imaging year:2021'}
2025-06-26 21:50:36,910 - src.core.logging - WARNING - Rate limited (429). Retrying in 1.7s (attempt 1/5)
2025-06-26 21:50:40,196 - src.core.logging - INFO - Semantic Scholar found 249 total papers
2025-06-26 21:50:40,196 - src.core.logging - INFO - Found 2 papers from semantic_scholar
2025-06-26 21:50:40,197 - src.core.logging - INFO - Searching openalex for NeurIPS 2021 with keywords: ['computer vision & medical imaging']
2025-06-26 21:50:40,197 - src.core.logging - INFO - OpenAlex search params: {'filter': 'publication_year:2021,title.search:(NeurIPS OR computer vision & medical imaging)', 'per-page': 15, 'select': 'id,title,display_name,publication_year,cited_by_count,doi,authorships,locations'}
2025-06-26 21:50:40,626 - src.core.logging - INFO - OpenAlex found 10 total works
2025-06-26 21:50:40,626 - src.core.logging - WARNING - Parse error: 'NoneType' object has no attribute 'strip'
2025-06-26 21:50:40,626 - src.core.logging - INFO - Found 2 papers from openalex
2025-06-26 21:50:40,627 - src.core.logging - INFO - Searching semantic_scholar for ICML 2021 with keywords: ['computer vision & medical imaging']
2025-06-26 21:50:40,627 - src.core.logging - INFO - Semantic Scholar search params: {'limit': 15, 'fields': 'title,authors,venue,year,citationCount,abstract,url,paperId', 'query': 'ICML computer vision & medical imaging year:2021'}
2025-06-26 21:50:41,368 - src.core.logging - WARNING - Rate limited (429). Retrying in 2.4s (attempt 1/5)
2025-06-26 21:50:44,274 - src.core.logging - WARNING - Rate limited (429). Retrying in 4.2s (attempt 2/5)
2025-06-26 21:50:49,712 - src.core.logging - INFO - Semantic Scholar found 245 total papers
2025-06-26 21:50:49,713 - src.core.logging - INFO - Found 2 papers from semantic_scholar
2025-06-26 21:50:49,713 - src.core.logging - INFO - Searching openalex for ICML 2021 with keywords: ['computer vision & medical imaging']
2025-06-26 21:50:49,713 - src.core.logging - INFO - OpenAlex search params: {'filter': 'publication_year:2021,title.search:(ICML OR computer vision & medical imaging)', 'per-page': 15, 'select': 'id,title,display_name,publication_year,cited_by_count,doi,authorships,locations'}
2025-06-26 21:50:50,298 - src.core.logging - INFO - OpenAlex found 10 total works
2025-06-26 21:50:50,298 - src.core.logging - WARNING - Parse error: 'NoneType' object has no attribute 'strip'
2025-06-26 21:50:50,298 - src.core.logging - INFO - Found 2 papers from openalex
2025-06-26 21:50:50,298 - src.core.logging - INFO - Searching semantic_scholar for ICLR 2021 with keywords: ['computer vision & medical imaging']
2025-06-26 21:50:50,298 - src.core.logging - INFO - Semantic Scholar search params: {'limit': 15, 'fields': 'title,authors,venue,year,citationCount,abstract,url,paperId', 'query': 'ICLR computer vision & medical imaging year:2021'}
2025-06-26 21:50:51,828 - src.core.logging - INFO - Semantic Scholar found 245 total papers
2025-06-26 21:50:51,828 - src.core.logging - INFO - Found 2 papers from semantic_scholar
2025-06-26 21:50:51,828 - src.core.logging - INFO - Searching openalex for ICLR 2021 with keywords: ['computer vision & medical imaging']
2025-06-26 21:50:51,828 - src.core.logging - INFO - OpenAlex search params: {'filter': 'publication_year:2021,title.search:(ICLR OR computer vision & medical imaging)', 'per-page': 15, 'select': 'id,title,display_name,publication_year,cited_by_count,doi,authorships,locations'}
2025-06-26 21:50:52,537 - src.core.logging - INFO - OpenAlex found 10 total works
2025-06-26 21:50:52,538 - src.core.logging - WARNING - Parse error: 'NoneType' object has no attribute 'strip'
2025-06-26 21:50:52,538 - src.core.logging - INFO - Found 2 papers from openalex
2025-06-26 21:50:52,538 - src.core.logging - INFO - Searching semantic_scholar for AAAI 2021 with keywords: ['computer vision & medical imaging']
2025-06-26 21:50:52,538 - src.core.logging - INFO - Semantic Scholar search params: {'limit': 15, 'fields': 'title,authors,venue,year,citationCount,abstract,url,paperId', 'query': 'AAAI computer vision & medical imaging year:2021'}
2025-06-26 21:50:53,758 - src.core.logging - INFO - Semantic Scholar found 250 total papers
2025-06-26 21:50:53,759 - src.core.logging - INFO - Found 2 papers from semantic_scholar
2025-06-26 21:50:53,759 - src.core.logging - INFO - Searching openalex for AAAI 2021 with keywords: ['computer vision & medical imaging']
2025-06-26 21:50:53,759 - src.core.logging - INFO - OpenAlex search params: {'filter': 'publication_year:2021,title.search:(AAAI OR computer vision & medical imaging)', 'per-page': 15, 'select': 'id,title,display_name,publication_year,cited_by_count,doi,authorships,locations'}
2025-06-26 21:50:54,292 - src.core.logging - INFO - OpenAlex found 10 total works
2025-06-26 21:50:54,293 - src.core.logging - WARNING - Parse error: 'NoneType' object has no attribute 'strip'
2025-06-26 21:50:54,297 - src.core.logging - INFO - Found 2 papers from openalex
2025-06-26 21:50:54,297 - src.data.collectors.collection_executor - INFO - Rate limiting: waiting 0.24s for keyword_search
2025-06-26 21:50:54,538 - src.core.logging - INFO - Searching semantic_scholar for IJCAI 2021 with keywords: ['computer vision & medical imaging']
2025-06-26 21:50:54,539 - src.core.logging - INFO - Semantic Scholar search params: {'limit': 15, 'fields': 'title,authors,venue,year,citationCount,abstract,url,paperId', 'query': 'IJCAI computer vision & medical imaging year:2021'}
2025-06-26 21:50:54,998 - src.core.logging - WARNING - Rate limited (429). Retrying in 2.1s (attempt 1/5)
2025-06-26 21:50:57,274 - src.core.logging - WARNING - Rate limited (429). Retrying in 4.1s (attempt 2/5)
2025-06-26 21:51:02,707 - src.core.logging - INFO - Semantic Scholar found 246 total papers
2025-06-26 21:51:02,707 - src.core.logging - INFO - Found 2 papers from semantic_scholar
2025-06-26 21:51:02,707 - src.core.logging - INFO - Searching openalex for IJCAI 2021 with keywords: ['computer vision & medical imaging']
2025-06-26 21:51:02,708 - src.core.logging - INFO - OpenAlex search params: {'filter': 'publication_year:2021,title.search:(IJCAI OR computer vision & medical imaging)', 'per-page': 15, 'select': 'id,title,display_name,publication_year,cited_by_count,doi,authorships,locations'}
2025-06-26 21:51:03,295 - src.core.logging - INFO - OpenAlex found 10 total works
2025-06-26 21:51:03,296 - src.core.logging - WARNING - Parse error: 'NoneType' object has no attribute 'strip'
2025-06-26 21:51:03,296 - src.core.logging - INFO - Found 2 papers from openalex
2025-06-26 21:51:03,296 - src.analysis.venues.collection_strategy - INFO - Generating collection strategy for domain: Computer Vision & Medical Imaging
2025-06-26 21:51:03,301 - src.core.logging - INFO - Using only working APIs: ['semantic_scholar', 'openalex']
2025-06-26 21:51:03,301 - src.core.logging - INFO - Searching semantic_scholar for NeurIPS 2022
2025-06-26 21:51:03,301 - src.core.logging - INFO - Semantic Scholar search params: {'limit': 20, 'fields': 'title,authors,venue,year,citationCount,abstract,url,paperId', 'query': 'NeurIPS year:2022'}
2025-06-26 21:51:04,175 - src.core.logging - WARNING - Rate limited (429). Retrying in 1.6s (attempt 1/5)
2025-06-26 21:51:06,939 - src.core.logging - INFO - Semantic Scholar found 71723 total papers
2025-06-26 21:51:06,940 - src.core.logging - INFO - Found 0 papers from semantic_scholar
2025-06-26 21:51:06,940 - src.core.logging - INFO - Searching openalex for NeurIPS 2022
2025-06-26 21:51:06,940 - src.core.logging - INFO - OpenAlex search params: {'filter': 'publication_year:2022,title.search:(NeurIPS)', 'per-page': 20, 'select': 'id,title,display_name,publication_year,cited_by_count,doi,authorships,locations'}
2025-06-26 21:51:07,414 - src.core.logging - INFO - OpenAlex found 36 total works
2025-06-26 21:51:07,415 - src.core.logging - INFO - Found 0 papers from openalex
2025-06-26 21:51:07,415 - src.core.logging - INFO - Using only working APIs: ['semantic_scholar', 'openalex']
2025-06-26 21:51:07,415 - src.core.logging - INFO - Searching semantic_scholar for ICML 2022
2025-06-26 21:51:07,415 - src.core.logging - INFO - Semantic Scholar search params: {'limit': 20, 'fields': 'title,authors,venue,year,citationCount,abstract,url,paperId', 'query': 'ICML year:2022'}
2025-06-26 21:51:08,090 - src.core.logging - WARNING - Rate limited (429). Retrying in 2.1s (attempt 1/5)
2025-06-26 21:51:11,475 - src.core.logging - INFO - Semantic Scholar found 71693 total papers
2025-06-26 21:51:11,476 - src.core.logging - INFO - Found 0 papers from semantic_scholar
2025-06-26 21:51:11,476 - src.core.logging - INFO - Searching openalex for ICML 2022
2025-06-26 21:51:11,476 - src.core.logging - INFO - OpenAlex search params: {'filter': 'publication_year:2022,title.search:(ICML)', 'per-page': 20, 'select': 'id,title,display_name,publication_year,cited_by_count,doi,authorships,locations'}
2025-06-26 21:51:11,924 - src.core.logging - INFO - OpenAlex found 2 total works
2025-06-26 21:51:11,924 - src.core.logging - INFO - Found 0 papers from openalex
2025-06-26 21:51:11,924 - src.core.logging - INFO - Using only working APIs: ['semantic_scholar', 'openalex']
2025-06-26 21:51:11,924 - src.core.logging - INFO - Searching semantic_scholar for ICLR 2022
2025-06-26 21:51:11,924 - src.core.logging - INFO - Semantic Scholar search params: {'limit': 20, 'fields': 'title,authors,venue,year,citationCount,abstract,url,paperId', 'query': 'ICLR year:2022'}
2025-06-26 21:51:12,909 - src.core.logging - WARNING - Rate limited (429). Retrying in 2.0s (attempt 1/5)
2025-06-26 21:51:16,046 - src.core.logging - INFO - Semantic Scholar found 71631 total papers
2025-06-26 21:51:16,046 - src.core.logging - INFO - Found 0 papers from semantic_scholar
2025-06-26 21:51:16,046 - src.core.logging - INFO - Searching openalex for ICLR 2022
2025-06-26 21:51:16,046 - src.core.logging - INFO - OpenAlex search params: {'filter': 'publication_year:2022,title.search:(ICLR)', 'per-page': 20, 'select': 'id,title,display_name,publication_year,cited_by_count,doi,authorships,locations'}
2025-06-26 21:51:16,533 - src.core.logging - INFO - OpenAlex found 5 total works
2025-06-26 21:51:16,533 - src.core.logging - INFO - Found 0 papers from openalex
2025-06-26 21:51:16,533 - src.core.logging - INFO - Searching semantic_scholar for NeurIPS 2022 with keywords: ['computer vision & medical imaging']
2025-06-26 21:51:16,533 - src.core.logging - INFO - Semantic Scholar search params: {'limit': 15, 'fields': 'title,authors,venue,year,citationCount,abstract,url,paperId', 'query': 'NeurIPS computer vision & medical imaging year:2022'}
2025-06-26 21:51:17,500 - src.core.logging - WARNING - Rate limited (429). Retrying in 2.3s (attempt 1/5)
2025-06-26 21:51:20,994 - src.core.logging - INFO - Semantic Scholar found 247 total papers
2025-06-26 21:51:20,995 - src.core.logging - WARNING - Parse error: 'NoneType' object has no attribute 'strip'
2025-06-26 21:51:20,995 - src.core.logging - INFO - Found 0 papers from semantic_scholar
2025-06-26 21:51:20,995 - src.core.logging - INFO - Searching openalex for NeurIPS 2022 with keywords: ['computer vision & medical imaging']
2025-06-26 21:51:20,995 - src.core.logging - INFO - OpenAlex search params: {'filter': 'publication_year:2022,title.search:(NeurIPS OR computer vision & medical imaging)', 'per-page': 15, 'select': 'id,title,display_name,publication_year,cited_by_count,doi,authorships,locations'}
2025-06-26 21:51:21,621 - src.core.logging - INFO - OpenAlex found 31 total works
2025-06-26 21:51:21,622 - src.core.logging - INFO - Found 0 papers from openalex
2025-06-26 21:51:21,622 - src.core.logging - INFO - Searching semantic_scholar for ICML 2022 with keywords: ['computer vision & medical imaging']
2025-06-26 21:51:21,622 - src.core.logging - INFO - Semantic Scholar search params: {'limit': 15, 'fields': 'title,authors,venue,year,citationCount,abstract,url,paperId', 'query': 'ICML computer vision & medical imaging year:2022'}
2025-06-26 21:51:22,355 - src.core.logging - WARNING - Rate limited (429). Retrying in 2.1s (attempt 1/5)
2025-06-26 21:51:24,679 - src.core.logging - WARNING - Rate limited (429). Retrying in 3.6s (attempt 2/5)
2025-06-26 21:51:28,791 - src.core.logging - WARNING - Rate limited (429). Retrying in 9.4s (attempt 3/5)
2025-06-26 21:51:38,370 - src.core.logging - WARNING - Rate limited (429). Retrying in 13.3s (attempt 4/5)
2025-06-26 21:51:52,200 - src.core.logging - WARNING - Rate limited (429). Retrying in 39.2s (attempt 5/5)
2025-06-26 21:52:31,416 - src.core.logging - ERROR - Semantic Scholar search failed: All 5 retry attempts failed
2025-06-26 21:52:31,416 - src.core.logging - INFO - Searching openalex for ICML 2022 with keywords: ['computer vision & medical imaging']
2025-06-26 21:52:31,416 - src.core.logging - INFO - OpenAlex search params: {'filter': 'publication_year:2022,title.search:(ICML OR computer vision & medical imaging)', 'per-page': 15, 'select': 'id,title,display_name,publication_year,cited_by_count,doi,authorships,locations'}
2025-06-26 21:52:32,044 - src.core.logging - INFO - OpenAlex found 31 total works
2025-06-26 21:52:32,045 - src.core.logging - INFO - Found 0 papers from openalex
2025-06-26 21:52:32,045 - src.core.logging - INFO - Searching semantic_scholar for ICLR 2022 with keywords: ['computer vision & medical imaging']
2025-06-26 21:52:32,045 - src.core.logging - INFO - Semantic Scholar search params: {'limit': 15, 'fields': 'title,authors,venue,year,citationCount,abstract,url,paperId', 'query': 'ICLR computer vision & medical imaging year:2022'}
2025-06-26 21:52:32,243 - src.core.logging - WARNING - Rate limited (429). Retrying in 2.5s (attempt 1/5)
2025-06-26 21:52:35,187 - src.core.logging - WARNING - Rate limited (429). Retrying in 4.6s (attempt 2/5)
2025-06-26 21:52:39,973 - src.core.logging - WARNING - Rate limited (429). Retrying in 8.7s (attempt 3/5)
2025-06-26 21:52:49,645 - src.core.logging - INFO - Semantic Scholar found 241 total papers
2025-06-26 21:52:49,646 - src.core.logging - INFO - Found 0 papers from semantic_scholar
2025-06-26 21:52:49,646 - src.core.logging - INFO - Searching openalex for ICLR 2022 with keywords: ['computer vision & medical imaging']
2025-06-26 21:52:49,646 - src.core.logging - INFO - OpenAlex search params: {'filter': 'publication_year:2022,title.search:(ICLR OR computer vision & medical imaging)', 'per-page': 15, 'select': 'id,title,display_name,publication_year,cited_by_count,doi,authorships,locations'}
2025-06-26 21:52:50,123 - src.core.logging - INFO - OpenAlex found 31 total works
2025-06-26 21:52:50,124 - src.core.logging - INFO - Found 0 papers from openalex
2025-06-26 21:52:50,124 - src.core.logging - INFO - Searching semantic_scholar for AAAI 2022 with keywords: ['computer vision & medical imaging']
2025-06-26 21:52:50,124 - src.core.logging - INFO - Semantic Scholar search params: {'limit': 15, 'fields': 'title,authors,venue,year,citationCount,abstract,url,paperId', 'query': 'AAAI computer vision & medical imaging year:2022'}
2025-06-26 21:52:51,854 - src.core.logging - WARNING - Rate limited (429). Retrying in 2.3s (attempt 1/5)
2025-06-26 21:52:54,723 - src.core.logging - WARNING - Rate limited (429). Retrying in 4.5s (attempt 2/5)
2025-06-26 21:52:59,854 - src.core.logging - WARNING - Rate limited (429). Retrying in 8.8s (attempt 3/5)
2025-06-26 21:53:09,070 - src.core.logging - WARNING - Rate limited (429). Retrying in 19.3s (attempt 4/5)
2025-06-26 21:53:29,696 - src.core.logging - INFO - Semantic Scholar found 246 total papers
2025-06-26 21:53:29,696 - src.core.logging - WARNING - Parse error: 'NoneType' object has no attribute 'strip'
2025-06-26 21:53:29,697 - src.core.logging - INFO - Found 0 papers from semantic_scholar
2025-06-26 21:53:29,697 - src.core.logging - INFO - Searching openalex for AAAI 2022 with keywords: ['computer vision & medical imaging']
2025-06-26 21:53:29,697 - src.core.logging - INFO - OpenAlex search params: {'filter': 'publication_year:2022,title.search:(AAAI OR computer vision & medical imaging)', 'per-page': 15, 'select': 'id,title,display_name,publication_year,cited_by_count,doi,authorships,locations'}
2025-06-26 21:53:30,138 - src.core.logging - INFO - OpenAlex found 31 total works
2025-06-26 21:53:30,139 - src.core.logging - INFO - Found 0 papers from openalex
2025-06-26 21:53:30,139 - src.core.logging - INFO - Searching semantic_scholar for IJCAI 2022 with keywords: ['computer vision & medical imaging']
2025-06-26 21:53:30,139 - src.core.logging - INFO - Semantic Scholar search params: {'limit': 15, 'fields': 'title,authors,venue,year,citationCount,abstract,url,paperId', 'query': 'IJCAI computer vision & medical imaging year:2022'}
2025-06-26 21:53:31,393 - src.core.logging - INFO - Semantic Scholar found 242 total papers
2025-06-26 21:53:31,394 - src.core.logging - INFO - Found 0 papers from semantic_scholar
2025-06-26 21:53:31,394 - src.core.logging - INFO - Searching openalex for IJCAI 2022 with keywords: ['computer vision & medical imaging']
2025-06-26 21:53:31,394 - src.core.logging - INFO - OpenAlex search params: {'filter': 'publication_year:2022,title.search:(IJCAI OR computer vision & medical imaging)', 'per-page': 15, 'select': 'id,title,display_name,publication_year,cited_by_count,doi,authorships,locations'}
2025-06-26 21:53:31,842 - src.core.logging - INFO - OpenAlex found 31 total works
2025-06-26 21:53:31,843 - src.core.logging - INFO - Found 0 papers from openalex
2025-06-26 21:53:31,843 - src.data.collectors.collection_executor - INFO - Rate limiting: waiting 0.30s for keyword_search
2025-06-26 21:53:32,139 - src.core.logging - INFO - Searching semantic_scholar with keywords: ['computer vision & medical imaging']
2025-06-26 21:53:32,139 - src.core.logging - INFO - Semantic Scholar search params: {'limit': 10, 'fields': 'title,authors,venue,year,citationCount,abstract,url,paperId', 'query': 'computer vision & medical imaging year:2022'}
2025-06-26 21:53:34,030 - src.core.logging - INFO - Semantic Scholar found 12284 total papers
2025-06-26 21:53:34,030 - src.core.logging - WARNING - Parse error: 'NoneType' object has no attribute 'strip'
2025-06-26 21:53:34,030 - src.core.logging - INFO - Found 5 papers from semantic_scholar
2025-06-26 21:53:34,030 - src.core.logging - INFO - Searching openalex with keywords: ['computer vision & medical imaging']
2025-06-26 21:53:34,030 - src.core.logging - INFO - OpenAlex search params: {'filter': 'publication_year:2022,title.search:(computer vision & medical imaging)', 'per-page': 10, 'select': 'id,title,display_name,publication_year,cited_by_count,doi,authorships,locations'}
2025-06-26 21:53:34,482 - src.core.logging - INFO - OpenAlex found 11 total works
2025-06-26 21:53:34,483 - src.core.logging - INFO - Found 10 papers from openalex
2025-06-26 21:53:34,483 - src.analysis.venues.collection_strategy - INFO - Generating collection strategy for domain: Computer Vision & Medical Imaging
2025-06-26 21:53:34,488 - src.core.logging - INFO - Using only working APIs: ['semantic_scholar', 'openalex']
2025-06-26 21:53:34,488 - src.core.logging - INFO - Searching semantic_scholar for NeurIPS 2023
2025-06-26 21:53:34,488 - src.core.logging - INFO - Semantic Scholar search params: {'limit': 20, 'fields': 'title,authors,venue,year,citationCount,abstract,url,paperId', 'query': 'NeurIPS year:2023'}
2025-06-26 21:53:35,639 - src.core.logging - WARNING - Rate limited (429). Retrying in 1.9s (attempt 1/5)
2025-06-26 21:53:38,857 - src.core.logging - INFO - Semantic Scholar found 49353 total papers
2025-06-26 21:53:38,858 - src.core.logging - INFO - Found 0 papers from semantic_scholar
2025-06-26 21:53:38,858 - src.core.logging - INFO - Searching openalex for NeurIPS 2023
2025-06-26 21:53:38,858 - src.core.logging - INFO - OpenAlex search params: {'filter': 'publication_year:2023,title.search:(NeurIPS)', 'per-page': 20, 'select': 'id,title,display_name,publication_year,cited_by_count,doi,authorships,locations'}
2025-06-26 21:53:39,184 - src.core.logging - INFO - OpenAlex found 8 total works
2025-06-26 21:53:39,185 - src.core.logging - INFO - Found 0 papers from openalex
2025-06-26 21:53:39,185 - src.core.logging - INFO - Using only working APIs: ['semantic_scholar', 'openalex']
2025-06-26 21:53:39,185 - src.core.logging - INFO - Searching semantic_scholar for ICML 2023
2025-06-26 21:53:39,185 - src.core.logging - INFO - Semantic Scholar search params: {'limit': 20, 'fields': 'title,authors,venue,year,citationCount,abstract,url,paperId', 'query': 'ICML year:2023'}
2025-06-26 21:53:39,764 - src.core.logging - WARNING - Rate limited (429). Retrying in 1.6s (attempt 1/5)
2025-06-26 21:53:43,236 - src.core.logging - INFO - Semantic Scholar found 49367 total papers
2025-06-26 21:53:43,236 - src.core.logging - INFO - Found 0 papers from semantic_scholar
2025-06-26 21:53:43,236 - src.core.logging - INFO - Searching openalex for ICML 2023
2025-06-26 21:53:43,236 - src.core.logging - INFO - OpenAlex search params: {'filter': 'publication_year:2023,title.search:(ICML)', 'per-page': 20, 'select': 'id,title,display_name,publication_year,cited_by_count,doi,authorships,locations'}
2025-06-26 21:53:43,579 - src.core.logging - INFO - OpenAlex found 9 total works
2025-06-26 21:53:43,579 - src.core.logging - INFO - Found 0 papers from openalex
2025-06-26 21:53:43,579 - src.core.logging - INFO - Using only working APIs: ['semantic_scholar', 'openalex']
2025-06-26 21:53:43,579 - src.core.logging - INFO - Searching semantic_scholar for ICLR 2023
2025-06-26 21:53:43,579 - src.core.logging - INFO - Semantic Scholar search params: {'limit': 20, 'fields': 'title,authors,venue,year,citationCount,abstract,url,paperId', 'query': 'ICLR year:2023'}
2025-06-26 21:53:44,870 - src.core.logging - WARNING - Rate limited (429). Retrying in 2.5s (attempt 1/5)
2025-06-26 21:53:47,804 - src.core.logging - WARNING - Rate limited (429). Retrying in 4.5s (attempt 2/5)
2025-06-26 21:53:53,438 - src.core.logging - INFO - Semantic Scholar found 49304 total papers
2025-06-26 21:53:53,438 - src.core.logging - INFO - Found 0 papers from semantic_scholar
2025-06-26 21:53:53,438 - src.core.logging - INFO - Searching openalex for ICLR 2023
2025-06-26 21:53:53,438 - src.core.logging - INFO - OpenAlex search params: {'filter': 'publication_year:2023,title.search:(ICLR)', 'per-page': 20, 'select': 'id,title,display_name,publication_year,cited_by_count,doi,authorships,locations'}
2025-06-26 21:53:53,782 - src.core.logging - INFO - OpenAlex found 5 total works
2025-06-26 21:53:53,782 - src.core.logging - INFO - Found 0 papers from openalex
2025-06-26 21:53:53,783 - src.core.logging - INFO - Searching semantic_scholar for NeurIPS 2023 with keywords: ['computer vision & medical imaging']
2025-06-26 21:53:53,783 - src.core.logging - INFO - Semantic Scholar search params: {'limit': 15, 'fields': 'title,authors,venue,year,citationCount,abstract,url,paperId', 'query': 'NeurIPS computer vision & medical imaging year:2023'}
2025-06-26 21:53:55,247 - src.core.logging - INFO - Semantic Scholar found 216 total papers
2025-06-26 21:53:55,248 - src.core.logging - INFO - Found 2 papers from semantic_scholar
2025-06-26 21:53:55,248 - src.core.logging - INFO - Searching openalex for NeurIPS 2023 with keywords: ['computer vision & medical imaging']
2025-06-26 21:53:55,248 - src.core.logging - INFO - OpenAlex search params: {'filter': 'publication_year:2023,title.search:(NeurIPS OR computer vision & medical imaging)', 'per-page': 15, 'select': 'id,title,display_name,publication_year,cited_by_count,doi,authorships,locations'}
2025-06-26 21:53:55,587 - src.core.logging - INFO - OpenAlex found 78 total works
2025-06-26 21:53:55,588 - src.core.logging - INFO - Found 0 papers from openalex
2025-06-26 21:53:55,588 - src.core.logging - INFO - Searching semantic_scholar for ICML 2023 with keywords: ['computer vision & medical imaging']
2025-06-26 21:53:55,588 - src.core.logging - INFO - Semantic Scholar search params: {'limit': 15, 'fields': 'title,authors,venue,year,citationCount,abstract,url,paperId', 'query': 'ICML computer vision & medical imaging year:2023'}
2025-06-26 21:53:57,401 - src.core.logging - INFO - Semantic Scholar found 211 total papers
2025-06-26 21:53:57,402 - src.core.logging - INFO - Found 2 papers from semantic_scholar
2025-06-26 21:53:57,402 - src.core.logging - INFO - Searching openalex for ICML 2023 with keywords: ['computer vision & medical imaging']
2025-06-26 21:53:57,402 - src.core.logging - INFO - OpenAlex search params: {'filter': 'publication_year:2023,title.search:(ICML OR computer vision & medical imaging)', 'per-page': 15, 'select': 'id,title,display_name,publication_year,cited_by_count,doi,authorships,locations'}
2025-06-26 21:53:57,799 - src.core.logging - INFO - OpenAlex found 78 total works
2025-06-26 21:53:57,800 - src.core.logging - INFO - Found 0 papers from openalex
2025-06-26 21:53:57,800 - src.core.logging - INFO - Searching semantic_scholar for ICLR 2023 with keywords: ['computer vision & medical imaging']
2025-06-26 21:53:57,800 - src.core.logging - INFO - Semantic Scholar search params: {'limit': 15, 'fields': 'title,authors,venue,year,citationCount,abstract,url,paperId', 'query': 'ICLR computer vision & medical imaging year:2023'}
2025-06-26 21:53:59,394 - src.core.logging - WARNING - Rate limited (429). Retrying in 1.8s (attempt 1/5)
2025-06-26 21:54:01,856 - src.core.logging - INFO - Semantic Scholar found 212 total papers
2025-06-26 21:54:01,856 - src.core.logging - INFO - Found 2 papers from semantic_scholar
2025-06-26 21:54:01,856 - src.core.logging - INFO - Searching openalex for ICLR 2023 with keywords: ['computer vision & medical imaging']
2025-06-26 21:54:01,856 - src.core.logging - INFO - OpenAlex search params: {'filter': 'publication_year:2023,title.search:(ICLR OR computer vision & medical imaging)', 'per-page': 15, 'select': 'id,title,display_name,publication_year,cited_by_count,doi,authorships,locations'}
2025-06-26 21:54:02,185 - src.core.logging - INFO - OpenAlex found 78 total works
2025-06-26 21:54:02,185 - src.core.logging - INFO - Found 0 papers from openalex
2025-06-26 21:54:02,186 - src.core.logging - INFO - Searching semantic_scholar for AAAI 2023 with keywords: ['computer vision & medical imaging']
2025-06-26 21:54:02,186 - src.core.logging - INFO - Semantic Scholar search params: {'limit': 15, 'fields': 'title,authors,venue,year,citationCount,abstract,url,paperId', 'query': 'AAAI computer vision & medical imaging year:2023'}
2025-06-26 21:54:04,144 - src.core.logging - WARNING - Rate limited (429). Retrying in 2.4s (attempt 1/5)
2025-06-26 21:54:07,237 - src.core.logging - INFO - Semantic Scholar found 218 total papers
2025-06-26 21:54:07,237 - src.core.logging - INFO - Found 4 papers from semantic_scholar
2025-06-26 21:54:07,238 - src.core.logging - INFO - Searching openalex for AAAI 2023 with keywords: ['computer vision & medical imaging']
2025-06-26 21:54:07,238 - src.core.logging - INFO - OpenAlex search params: {'filter': 'publication_year:2023,title.search:(AAAI OR computer vision & medical imaging)', 'per-page': 15, 'select': 'id,title,display_name,publication_year,cited_by_count,doi,authorships,locations'}
2025-06-26 21:54:07,617 - src.core.logging - INFO - OpenAlex found 78 total works
2025-06-26 21:54:07,618 - src.core.logging - INFO - Found 0 papers from openalex
2025-06-26 21:54:07,618 - src.core.logging - INFO - Searching semantic_scholar for IJCAI 2023 with keywords: ['computer vision & medical imaging']
2025-06-26 21:54:07,618 - src.core.logging - INFO - Semantic Scholar search params: {'limit': 15, 'fields': 'title,authors,venue,year,citationCount,abstract,url,paperId', 'query': 'IJCAI computer vision & medical imaging year:2023'}
2025-06-26 21:54:09,459 - src.core.logging - WARNING - Rate limited (429). Retrying in 2.2s (attempt 1/5)
2025-06-26 21:54:12,174 - src.core.logging - WARNING - Rate limited (429). Retrying in 4.3s (attempt 2/5)
2025-06-26 21:54:16,700 - src.core.logging - WARNING - Rate limited (429). Retrying in 7.5s (attempt 3/5)
2025-06-26 21:54:24,386 - src.core.logging - WARNING - Rate limited (429). Retrying in 13.2s (attempt 4/5)
2025-06-26 21:54:37,753 - src.core.logging - WARNING - Rate limited (429). Retrying in 24.1s (attempt 5/5)
2025-06-26 21:55:01,900 - src.core.logging - ERROR - Semantic Scholar search failed: All 5 retry attempts failed
2025-06-26 21:55:01,901 - src.core.logging - INFO - Searching openalex for IJCAI 2023 with keywords: ['computer vision & medical imaging']
2025-06-26 21:55:01,901 - src.core.logging - INFO - OpenAlex search params: {'filter': 'publication_year:2023,title.search:(IJCAI OR computer vision & medical imaging)', 'per-page': 15, 'select': 'id,title,display_name,publication_year,cited_by_count,doi,authorships,locations'}
2025-06-26 21:55:02,258 - src.core.logging - INFO - OpenAlex found 78 total works
2025-06-26 21:55:02,259 - src.core.logging - INFO - Found 0 papers from openalex
2025-06-26 21:55:02,259 - src.analysis.venues.collection_strategy - INFO - Generating collection strategy for domain: Computer Vision & Medical Imaging
2025-06-26 21:55:02,264 - src.core.logging - INFO - Using only working APIs: ['semantic_scholar', 'openalex']
2025-06-26 21:55:02,264 - src.core.logging - INFO - Searching semantic_scholar for NeurIPS 2024
2025-06-26 21:55:02,264 - src.core.logging - INFO - Semantic Scholar search params: {'limit': 20, 'fields': 'title,authors,venue,year,citationCount,abstract,url,paperId', 'query': 'NeurIPS year:2024'}
2025-06-26 21:55:03,645 - src.core.logging - INFO - Semantic Scholar found 23962 total papers
2025-06-26 21:55:03,645 - src.core.logging - INFO - Found 0 papers from semantic_scholar
2025-06-26 21:55:03,645 - src.core.logging - INFO - Searching openalex for NeurIPS 2024
2025-06-26 21:55:03,645 - src.core.logging - INFO - OpenAlex search params: {'filter': 'publication_year:2024,title.search:(NeurIPS)', 'per-page': 20, 'select': 'id,title,display_name,publication_year,cited_by_count,doi,authorships,locations'}
2025-06-26 21:55:04,169 - src.core.logging - INFO - OpenAlex found 12 total works
2025-06-26 21:55:04,170 - src.core.logging - INFO - Found 0 papers from openalex
2025-06-26 21:55:04,170 - src.core.logging - INFO - Using only working APIs: ['semantic_scholar', 'openalex']
2025-06-26 21:55:04,170 - src.core.logging - INFO - Searching semantic_scholar for ICML 2024
2025-06-26 21:55:04,170 - src.core.logging - INFO - Semantic Scholar search params: {'limit': 20, 'fields': 'title,authors,venue,year,citationCount,abstract,url,paperId', 'query': 'ICML year:2024'}
2025-06-26 21:55:05,869 - src.core.logging - INFO - Semantic Scholar found 23970 total papers
2025-06-26 21:55:05,870 - src.core.logging - INFO - Found 0 papers from semantic_scholar
2025-06-26 21:55:05,870 - src.core.logging - INFO - Searching openalex for ICML 2024
2025-06-26 21:55:05,870 - src.core.logging - INFO - OpenAlex search params: {'filter': 'publication_year:2024,title.search:(ICML)', 'per-page': 20, 'select': 'id,title,display_name,publication_year,cited_by_count,doi,authorships,locations'}
2025-06-26 21:55:06,425 - src.core.logging - INFO - OpenAlex found 4 total works
2025-06-26 21:55:06,425 - src.core.logging - INFO - Found 0 papers from openalex
2025-06-26 21:55:06,425 - src.data.collectors.collection_executor - INFO - Rate limiting: waiting 0.74s for venue_search
2025-06-26 21:55:07,171 - src.core.logging - INFO - Using only working APIs: ['semantic_scholar', 'openalex']
2025-06-26 21:55:07,171 - src.core.logging - INFO - Searching semantic_scholar for ICLR 2024
2025-06-26 21:55:07,171 - src.core.logging - INFO - Semantic Scholar search params: {'limit': 20, 'fields': 'title,authors,venue,year,citationCount,abstract,url,paperId', 'query': 'ICLR year:2024'}
2025-06-26 21:55:08,439 - src.core.logging - INFO - Semantic Scholar found 23921 total papers
2025-06-26 21:55:08,439 - src.core.logging - INFO - Found 0 papers from semantic_scholar
2025-06-26 21:55:08,439 - src.core.logging - INFO - Searching openalex for ICLR 2024
2025-06-26 21:55:08,440 - src.core.logging - INFO - OpenAlex search params: {'filter': 'publication_year:2024,title.search:(ICLR)', 'per-page': 20, 'select': 'id,title,display_name,publication_year,cited_by_count,doi,authorships,locations'}
2025-06-26 21:55:08,897 - src.core.logging - INFO - OpenAlex found 5 total works
2025-06-26 21:55:08,898 - src.core.logging - INFO - Found 0 papers from openalex
2025-06-26 21:55:08,898 - src.data.collectors.collection_executor - INFO - Rate limiting: waiting 1.27s for venue_search
2025-06-26 21:55:10,171 - src.core.logging - INFO - Searching semantic_scholar for NeurIPS 2024 with keywords: ['computer vision & medical imaging']
2025-06-26 21:55:10,171 - src.core.logging - INFO - Semantic Scholar search params: {'limit': 15, 'fields': 'title,authors,venue,year,citationCount,abstract,url,paperId', 'query': 'NeurIPS computer vision & medical imaging year:2024'}
2025-06-26 21:55:10,720 - src.core.logging - WARNING - Rate limited (429). Retrying in 1.6s (attempt 1/5)
2025-06-26 21:55:13,449 - src.core.logging - INFO - Semantic Scholar found 184 total papers
2025-06-26 21:55:13,449 - src.core.logging - INFO - Found 0 papers from semantic_scholar
2025-06-26 21:55:13,449 - src.core.logging - INFO - Searching openalex for NeurIPS 2024 with keywords: ['computer vision & medical imaging']
2025-06-26 21:55:13,450 - src.core.logging - INFO - OpenAlex search params: {'filter': 'publication_year:2024,title.search:(NeurIPS OR computer vision & medical imaging)', 'per-page': 15, 'select': 'id,title,display_name,publication_year,cited_by_count,doi,authorships,locations'}
2025-06-26 21:55:13,891 - src.core.logging - INFO - OpenAlex found 126 total works
2025-06-26 21:55:13,892 - src.core.logging - INFO - Found 0 papers from openalex
2025-06-26 21:55:13,892 - src.core.logging - INFO - Searching semantic_scholar for ICML 2024 with keywords: ['computer vision & medical imaging']
2025-06-26 21:55:13,892 - src.core.logging - INFO - Semantic Scholar search params: {'limit': 15, 'fields': 'title,authors,venue,year,citationCount,abstract,url,paperId', 'query': 'ICML computer vision & medical imaging year:2024'}
2025-06-26 21:55:15,637 - src.core.logging - INFO - Semantic Scholar found 181 total papers
2025-06-26 21:55:15,637 - src.core.logging - INFO - Found 0 papers from semantic_scholar
2025-06-26 21:55:15,637 - src.core.logging - INFO - Searching openalex for ICML 2024 with keywords: ['computer vision & medical imaging']
2025-06-26 21:55:15,637 - src.core.logging - INFO - OpenAlex search params: {'filter': 'publication_year:2024,title.search:(ICML OR computer vision & medical imaging)', 'per-page': 15, 'select': 'id,title,display_name,publication_year,cited_by_count,doi,authorships,locations'}
2025-06-26 21:55:16,076 - src.core.logging - INFO - OpenAlex found 126 total works
2025-06-26 21:55:16,076 - src.core.logging - INFO - Found 0 papers from openalex
2025-06-26 21:55:16,076 - src.core.logging - INFO - Searching semantic_scholar for ICLR 2024 with keywords: ['computer vision & medical imaging']
2025-06-26 21:55:16,077 - src.core.logging - INFO - Semantic Scholar search params: {'limit': 15, 'fields': 'title,authors,venue,year,citationCount,abstract,url,paperId', 'query': 'ICLR computer vision & medical imaging year:2024'}
2025-06-26 21:55:17,570 - src.core.logging - WARNING - Rate limited (429). Retrying in 2.2s (attempt 1/5)
2025-06-26 21:55:20,833 - src.core.logging - INFO - Semantic Scholar found 181 total papers
2025-06-26 21:55:20,833 - src.core.logging - INFO - Found 0 papers from semantic_scholar
2025-06-26 21:55:20,833 - src.core.logging - INFO - Searching openalex for ICLR 2024 with keywords: ['computer vision & medical imaging']
2025-06-26 21:55:20,833 - src.core.logging - INFO - OpenAlex search params: {'filter': 'publication_year:2024,title.search:(ICLR OR computer vision & medical imaging)', 'per-page': 15, 'select': 'id,title,display_name,publication_year,cited_by_count,doi,authorships,locations'}
2025-06-26 21:55:21,273 - src.core.logging - INFO - OpenAlex found 126 total works
2025-06-26 21:55:21,274 - src.core.logging - INFO - Found 0 papers from openalex
2025-06-26 21:55:21,274 - src.core.logging - INFO - Searching semantic_scholar for AAAI 2024 with keywords: ['computer vision & medical imaging']
2025-06-26 21:55:21,274 - src.core.logging - INFO - Semantic Scholar search params: {'limit': 15, 'fields': 'title,authors,venue,year,citationCount,abstract,url,paperId', 'query': 'AAAI computer vision & medical imaging year:2024'}
2025-06-26 21:55:22,437 - src.core.logging - INFO - Semantic Scholar found 186 total papers
2025-06-26 21:55:22,438 - src.core.logging - INFO - Found 0 papers from semantic_scholar
2025-06-26 21:55:22,438 - src.core.logging - INFO - Searching openalex for AAAI 2024 with keywords: ['computer vision & medical imaging']
2025-06-26 21:55:22,438 - src.core.logging - INFO - OpenAlex search params: {'filter': 'publication_year:2024,title.search:(AAAI OR computer vision & medical imaging)', 'per-page': 15, 'select': 'id,title,display_name,publication_year,cited_by_count,doi,authorships,locations'}
2025-06-26 21:55:22,881 - src.core.logging - INFO - OpenAlex found 126 total works
2025-06-26 21:55:22,881 - src.core.logging - INFO - Found 0 papers from openalex
2025-06-26 21:55:22,881 - src.data.collectors.collection_executor - INFO - Rate limiting: waiting 0.39s for keyword_search
2025-06-26 21:55:23,274 - src.core.logging - INFO - Searching semantic_scholar for IJCAI 2024 with keywords: ['computer vision & medical imaging']
2025-06-26 21:55:23,274 - src.core.logging - INFO - Semantic Scholar search params: {'limit': 15, 'fields': 'title,authors,venue,year,citationCount,abstract,url,paperId', 'query': 'IJCAI computer vision & medical imaging year:2024'}
2025-06-26 21:55:24,802 - src.core.logging - INFO - Semantic Scholar found 182 total papers
2025-06-26 21:55:24,802 - src.core.logging - INFO - Found 0 papers from semantic_scholar
2025-06-26 21:55:24,802 - src.core.logging - INFO - Searching openalex for IJCAI 2024 with keywords: ['computer vision & medical imaging']
2025-06-26 21:55:24,802 - src.core.logging - INFO - OpenAlex search params: {'filter': 'publication_year:2024,title.search:(IJCAI OR computer vision & medical imaging)', 'per-page': 15, 'select': 'id,title,display_name,publication_year,cited_by_count,doi,authorships,locations'}
2025-06-26 21:55:25,258 - src.core.logging - INFO - OpenAlex found 126 total works
2025-06-26 21:55:25,259 - src.core.logging - INFO - Found 0 papers from openalex
2025-06-26 21:55:25,259 - src.data.collectors.collection_executor - INFO - Rate limiting: waiting 0.02s for keyword_search
2025-06-26 21:55:25,274 - src.core.logging - INFO - Searching semantic_scholar with keywords: ['computer vision & medical imaging']
2025-06-26 21:55:25,274 - src.core.logging - INFO - Semantic Scholar search params: {'limit': 10, 'fields': 'title,authors,venue,year,citationCount,abstract,url,paperId', 'query': 'computer vision & medical imaging year:2024'}
2025-06-26 21:55:27,105 - src.core.logging - INFO - Semantic Scholar found 11528 total papers
2025-06-26 21:55:27,105 - src.core.logging - INFO - Found 10 papers from semantic_scholar
2025-06-26 21:55:27,105 - src.core.logging - INFO - Searching openalex with keywords: ['computer vision & medical imaging']
2025-06-26 21:55:27,105 - src.core.logging - INFO - OpenAlex search params: {'filter': 'publication_year:2024,title.search:(computer vision & medical imaging)', 'per-page': 10, 'select': 'id,title,display_name,publication_year,cited_by_count,doi,authorships,locations'}
2025-06-26 21:55:27,629 - src.core.logging - INFO - OpenAlex found 14 total works
2025-06-26 21:55:27,629 - src.core.logging - INFO - Found 10 papers from openalex
